mode: set
github.com/go-nunu/nunu-layout-advanced/internal/handler/handler.go:13.46,17.2 1 1
github.com/go-nunu/nunu-layout-advanced/internal/handler/handler.go:18.48,20.13 2 1
github.com/go-nunu/nunu-layout-advanced/internal/handler/handler.go:20.13,22.3 1 0
github.com/go-nunu/nunu-layout-advanced/internal/handler/handler.go:23.2,23.46 1 1
github.com/go-nunu/nunu-layout-advanced/internal/handler/user.go:23.84,28.2 1 1
github.com/go-nunu/nunu-layout-advanced/internal/handler/user.go:30.50,32.48 2 1
github.com/go-nunu/nunu-layout-advanced/internal/handler/user.go:32.48,35.3 2 0
github.com/go-nunu/nunu-layout-advanced/internal/handler/user.go:37.2,37.57 1 1
github.com/go-nunu/nunu-layout-advanced/internal/handler/user.go:37.57,40.3 2 0
github.com/go-nunu/nunu-layout-advanced/internal/handler/user.go:42.2,42.30 1 1
github.com/go-nunu/nunu-layout-advanced/internal/handler/user.go:45.47,47.49 2 1
github.com/go-nunu/nunu-layout-advanced/internal/handler/user.go:47.49,50.3 2 0
github.com/go-nunu/nunu-layout-advanced/internal/handler/user.go:52.2,53.16 2 1
github.com/go-nunu/nunu-layout-advanced/internal/handler/user.go:53.16,56.3 2 0
github.com/go-nunu/nunu-layout-advanced/internal/handler/user.go:58.2,60.4 1 1
github.com/go-nunu/nunu-layout-advanced/internal/handler/user.go:63.52,65.18 2 1
github.com/go-nunu/nunu-layout-advanced/internal/handler/user.go:65.18,68.3 2 0
github.com/go-nunu/nunu-layout-advanced/internal/handler/user.go:70.2,71.16 2 1
github.com/go-nunu/nunu-layout-advanced/internal/handler/user.go:71.16,74.3 2 0
github.com/go-nunu/nunu-layout-advanced/internal/handler/user.go:76.2,76.31 1 1
github.com/go-nunu/nunu-layout-advanced/internal/handler/user.go:79.55,83.49 3 1
github.com/go-nunu/nunu-layout-advanced/internal/handler/user.go:83.49,86.3 2 0
github.com/go-nunu/nunu-layout-advanced/internal/handler/user.go:88.2,88.71 1 1
github.com/go-nunu/nunu-layout-advanced/internal/handler/user.go:88.71,91.3 2 0
github.com/go-nunu/nunu-layout-advanced/internal/handler/user.go:93.2,93.30 1 1
github.com/go-nunu/nunu-layout-advanced/internal/repository/repository.go:20.84,26.2 1 0
github.com/go-nunu/nunu-layout-advanced/internal/repository/repository.go:28.40,30.16 2 0
github.com/go-nunu/nunu-layout-advanced/internal/repository/repository.go:30.16,31.13 1 0
github.com/go-nunu/nunu-layout-advanced/internal/repository/repository.go:33.2,33.11 1 0
github.com/go-nunu/nunu-layout-advanced/internal/repository/repository.go:35.48,46.16 5 0
github.com/go-nunu/nunu-layout-advanced/internal/repository/repository.go:46.16,47.53 1 0
github.com/go-nunu/nunu-layout-advanced/internal/repository/repository.go:50.2,50.12 1 0
github.com/go-nunu/nunu-layout-advanced/internal/repository/user.go:21.54,25.2 1 0
github.com/go-nunu/nunu-layout-advanced/internal/repository/user.go:26.78,27.48 1 0
github.com/go-nunu/nunu-layout-advanced/internal/repository/user.go:27.48,29.3 1 0
github.com/go-nunu/nunu-layout-advanced/internal/repository/user.go:30.2,30.12 1 0
github.com/go-nunu/nunu-layout-advanced/internal/repository/user.go:33.78,34.46 1 0
github.com/go-nunu/nunu-layout-advanced/internal/repository/user.go:34.46,36.3 1 0
github.com/go-nunu/nunu-layout-advanced/internal/repository/user.go:38.2,38.12 1 0
github.com/go-nunu/nunu-layout-advanced/internal/repository/user.go:41.91,43.77 2 0
github.com/go-nunu/nunu-layout-advanced/internal/repository/user.go:43.77,46.3 1 0
github.com/go-nunu/nunu-layout-advanced/internal/repository/user.go:48.2,48.19 1 0
github.com/go-nunu/nunu-layout-advanced/internal/repository/user.go:51.99,53.80 2 0
github.com/go-nunu/nunu-layout-advanced/internal/repository/user.go:53.80,54.36 1 0
github.com/go-nunu/nunu-layout-advanced/internal/repository/user.go:54.36,56.4 1 0
github.com/go-nunu/nunu-layout-advanced/internal/repository/user.go:57.3,57.65 1 0
github.com/go-nunu/nunu-layout-advanced/internal/repository/user.go:60.2,60.19 1 0
github.com/go-nunu/nunu-layout-advanced/internal/service/service.go:15.81,21.2 1 0
github.com/go-nunu/nunu-layout-advanced/internal/service/user.go:48.87,53.2 1 0
github.com/go-nunu/nunu-layout-advanced/internal/service/user.go:55.81,57.89 1 0
github.com/go-nunu/nunu-layout-advanced/internal/service/user.go:57.89,59.3 1 0
github.com/go-nunu/nunu-layout-advanced/internal/service/user.go:61.2,62.16 2 0
github.com/go-nunu/nunu-layout-advanced/internal/service/user.go:62.16,64.3 1 0
github.com/go-nunu/nunu-layout-advanced/internal/service/user.go:66.2,67.16 2 0
github.com/go-nunu/nunu-layout-advanced/internal/service/user.go:67.16,69.3 1 0
github.com/go-nunu/nunu-layout-advanced/internal/service/user.go:71.2,77.52 2 0
github.com/go-nunu/nunu-layout-advanced/internal/service/user.go:77.52,79.3 1 0
github.com/go-nunu/nunu-layout-advanced/internal/service/user.go:81.2,81.12 1 0
github.com/go-nunu/nunu-layout-advanced/internal/service/user.go:84.85,86.31 2 0
github.com/go-nunu/nunu-layout-advanced/internal/service/user.go:86.31,88.3 1 0
github.com/go-nunu/nunu-layout-advanced/internal/service/user.go:90.2,91.16 2 0
github.com/go-nunu/nunu-layout-advanced/internal/service/user.go:91.16,93.3 1 0
github.com/go-nunu/nunu-layout-advanced/internal/service/user.go:95.2,96.16 2 0
github.com/go-nunu/nunu-layout-advanced/internal/service/user.go:96.16,98.3 1 0
github.com/go-nunu/nunu-layout-advanced/internal/service/user.go:100.2,100.19 1 0
github.com/go-nunu/nunu-layout-advanced/internal/service/user.go:103.91,105.16 2 0
github.com/go-nunu/nunu-layout-advanced/internal/service/user.go:105.16,107.3 1 0
github.com/go-nunu/nunu-layout-advanced/internal/service/user.go:109.2,109.18 1 0
github.com/go-nunu/nunu-layout-advanced/internal/service/user.go:112.106,114.16 2 0
github.com/go-nunu/nunu-layout-advanced/internal/service/user.go:114.16,116.3 1 0
github.com/go-nunu/nunu-layout-advanced/internal/service/user.go:118.2,121.52 3 0
github.com/go-nunu/nunu-layout-advanced/internal/service/user.go:121.52,123.3 1 0
github.com/go-nunu/nunu-layout-advanced/internal/service/user.go:125.2,125.12 1 0
github.com/go-nunu/nunu-layout-advanced/internal/service/user.go:128.89,135.16 3 0
github.com/go-nunu/nunu-layout-advanced/internal/service/user.go:135.16,137.3 1 0
github.com/go-nunu/nunu-layout-advanced/internal/service/user.go:139.2,139.19 1 0
github.com/go-nunu/nunu-layout-advanced/internal/repository/repository.go:20.84,26.2 1 1
github.com/go-nunu/nunu-layout-advanced/internal/repository/repository.go:28.40,30.16 2 0
github.com/go-nunu/nunu-layout-advanced/internal/repository/repository.go:30.16,31.13 1 0
github.com/go-nunu/nunu-layout-advanced/internal/repository/repository.go:33.2,33.11 1 0
github.com/go-nunu/nunu-layout-advanced/internal/repository/repository.go:35.48,46.16 5 0
github.com/go-nunu/nunu-layout-advanced/internal/repository/repository.go:46.16,47.53 1 0
github.com/go-nunu/nunu-layout-advanced/internal/repository/repository.go:50.2,50.12 1 0
github.com/go-nunu/nunu-layout-advanced/internal/repository/user.go:21.54,25.2 1 1
github.com/go-nunu/nunu-layout-advanced/internal/repository/user.go:26.78,27.48 1 1
github.com/go-nunu/nunu-layout-advanced/internal/repository/user.go:27.48,29.3 1 0
github.com/go-nunu/nunu-layout-advanced/internal/repository/user.go:30.2,30.12 1 1
github.com/go-nunu/nunu-layout-advanced/internal/repository/user.go:33.78,34.46 1 1
github.com/go-nunu/nunu-layout-advanced/internal/repository/user.go:34.46,36.3 1 0
github.com/go-nunu/nunu-layout-advanced/internal/repository/user.go:38.2,38.12 1 1
github.com/go-nunu/nunu-layout-advanced/internal/repository/user.go:41.91,43.77 2 1
github.com/go-nunu/nunu-layout-advanced/internal/repository/user.go:43.77,46.3 1 0
github.com/go-nunu/nunu-layout-advanced/internal/repository/user.go:48.2,48.19 1 1
github.com/go-nunu/nunu-layout-advanced/internal/repository/user.go:51.99,53.80 2 1
github.com/go-nunu/nunu-layout-advanced/internal/repository/user.go:53.80,54.36 1 0
github.com/go-nunu/nunu-layout-advanced/internal/repository/user.go:54.36,56.4 1 0
github.com/go-nunu/nunu-layout-advanced/internal/repository/user.go:57.3,57.65 1 0
github.com/go-nunu/nunu-layout-advanced/internal/repository/user.go:60.2,60.19 1 1
github.com/go-nunu/nunu-layout-advanced/internal/repository/repository.go:20.84,26.2 1 0
github.com/go-nunu/nunu-layout-advanced/internal/repository/repository.go:28.40,30.16 2 0
github.com/go-nunu/nunu-layout-advanced/internal/repository/repository.go:30.16,31.13 1 0
github.com/go-nunu/nunu-layout-advanced/internal/repository/repository.go:33.2,33.11 1 0
github.com/go-nunu/nunu-layout-advanced/internal/repository/repository.go:35.48,46.16 5 0
github.com/go-nunu/nunu-layout-advanced/internal/repository/repository.go:46.16,47.53 1 0
github.com/go-nunu/nunu-layout-advanced/internal/repository/repository.go:50.2,50.12 1 0
github.com/go-nunu/nunu-layout-advanced/internal/repository/user.go:21.54,25.2 1 0
github.com/go-nunu/nunu-layout-advanced/internal/repository/user.go:26.78,27.48 1 0
github.com/go-nunu/nunu-layout-advanced/internal/repository/user.go:27.48,29.3 1 0
github.com/go-nunu/nunu-layout-advanced/internal/repository/user.go:30.2,30.12 1 0
github.com/go-nunu/nunu-layout-advanced/internal/repository/user.go:33.78,34.46 1 0
github.com/go-nunu/nunu-layout-advanced/internal/repository/user.go:34.46,36.3 1 0
github.com/go-nunu/nunu-layout-advanced/internal/repository/user.go:38.2,38.12 1 0
github.com/go-nunu/nunu-layout-advanced/internal/repository/user.go:41.91,43.77 2 0
github.com/go-nunu/nunu-layout-advanced/internal/repository/user.go:43.77,46.3 1 0
github.com/go-nunu/nunu-layout-advanced/internal/repository/user.go:48.2,48.19 1 0
github.com/go-nunu/nunu-layout-advanced/internal/repository/user.go:51.99,53.80 2 0
github.com/go-nunu/nunu-layout-advanced/internal/repository/user.go:53.80,54.36 1 0
github.com/go-nunu/nunu-layout-advanced/internal/repository/user.go:54.36,56.4 1 0
github.com/go-nunu/nunu-layout-advanced/internal/repository/user.go:57.3,57.65 1 0
github.com/go-nunu/nunu-layout-advanced/internal/repository/user.go:60.2,60.19 1 0
github.com/go-nunu/nunu-layout-advanced/internal/service/service.go:15.81,21.2 1 1
github.com/go-nunu/nunu-layout-advanced/internal/service/user.go:48.87,53.2 1 1
github.com/go-nunu/nunu-layout-advanced/internal/service/user.go:55.81,57.89 1 1
github.com/go-nunu/nunu-layout-advanced/internal/service/user.go:57.89,59.3 1 1
github.com/go-nunu/nunu-layout-advanced/internal/service/user.go:61.2,62.16 2 1
github.com/go-nunu/nunu-layout-advanced/internal/service/user.go:62.16,64.3 1 0
github.com/go-nunu/nunu-layout-advanced/internal/service/user.go:66.2,67.16 2 1
github.com/go-nunu/nunu-layout-advanced/internal/service/user.go:67.16,69.3 1 0
github.com/go-nunu/nunu-layout-advanced/internal/service/user.go:71.2,77.52 2 1
github.com/go-nunu/nunu-layout-advanced/internal/service/user.go:77.52,79.3 1 0
github.com/go-nunu/nunu-layout-advanced/internal/service/user.go:81.2,81.12 1 1
github.com/go-nunu/nunu-layout-advanced/internal/service/user.go:84.85,86.31 2 1
github.com/go-nunu/nunu-layout-advanced/internal/service/user.go:86.31,88.3 1 1
github.com/go-nunu/nunu-layout-advanced/internal/service/user.go:90.2,91.16 2 1
github.com/go-nunu/nunu-layout-advanced/internal/service/user.go:91.16,93.3 1 0
github.com/go-nunu/nunu-layout-advanced/internal/service/user.go:95.2,96.16 2 1
github.com/go-nunu/nunu-layout-advanced/internal/service/user.go:96.16,98.3 1 0
github.com/go-nunu/nunu-layout-advanced/internal/service/user.go:100.2,100.19 1 1
github.com/go-nunu/nunu-layout-advanced/internal/service/user.go:103.91,105.16 2 1
github.com/go-nunu/nunu-layout-advanced/internal/service/user.go:105.16,107.3 1 0
github.com/go-nunu/nunu-layout-advanced/internal/service/user.go:109.2,109.18 1 1
github.com/go-nunu/nunu-layout-advanced/internal/service/user.go:112.106,114.16 2 1
github.com/go-nunu/nunu-layout-advanced/internal/service/user.go:114.16,116.3 1 1
github.com/go-nunu/nunu-layout-advanced/internal/service/user.go:118.2,121.52 3 1
github.com/go-nunu/nunu-layout-advanced/internal/service/user.go:121.52,123.3 1 0
github.com/go-nunu/nunu-layout-advanced/internal/service/user.go:125.2,125.12 1 1
github.com/go-nunu/nunu-layout-advanced/internal/service/user.go:128.89,135.16 3 1
github.com/go-nunu/nunu-layout-advanced/internal/service/user.go:135.16,137.3 1 0
github.com/go-nunu/nunu-layout-advanced/internal/service/user.go:139.2,139.19 1 1
